00:00:00.005924 main     VirtualBox COM Server 7.0.8 r156879 win.amd64 (Apr 17 2023 16:42:53) release log
00:00:00.005927 main     Log opened 2023-06-24T11:58:14.946725000Z
00:00:00.005928 main     Build Type: release
00:00:00.005934 main     OS Product: Windows 10
00:00:00.005935 main     OS Release: 10.0.19045
00:00:00.005936 main     OS Service Pack: 
00:00:00.048158 main     DMI Product Name: K56CB
00:00:00.074630 main     DMI Product Version: 1.0       
00:00:00.074650 main     Firmware type: UEFI
00:00:00.075251 main     Secure Boot: VERR_PRIVILEGE_NOT_HELD
00:00:00.075294 main     Host RAM: 8077MB (7.8GB) total, 3728MB (3.6GB) available
00:00:00.075300 main     Executable: C:\Program Files\Oracle\VirtualBox\VBoxSVC.exe
00:00:00.075301 main     Process ID: 15692
00:00:00.075302 main     Package type: WINDOWS_64BITS_GENERIC
00:00:00.652150          VirtualBox: object creation starts
00:00:00.652649          Home directory: 'C:\Users\asus\.VirtualBox'
00:00:00.652841          Installed Drivers:
00:00:00.663696            C:\WINDOWS\system32\DRIVERS\VBoxNetLwf.sys (Version: 7.0.8.6879)
00:00:00.665393            C:\WINDOWS\system32\DRIVERS\VBoxUSBMon.sys (Version: 7.0.8.6879)
00:00:00.666257            C:\WINDOWS\system32\DRIVERS\VBoxSup.sys (Version: 7.0.8.6879)
00:00:00.668116            C:\WINDOWS\system32\DRIVERS\VBoxNetAdp6.sys (Version: 7.0.8.6879)
00:00:00.677965          Loading settings file "C:\Users\asus\.VirtualBox\VirtualBox.xml" with version "1.12-windows"
00:00:00.682682          usbLibGetDevices: Starting USB device enumeration
00:00:00.782050          Getting USB descriptor (id 0) failed (dwErr=31) on hub USB#VID_8087&PID_0024#5&66910b5&0&1#{f18a0e88-c30c-11d0-8815-00a0c906bed8} port 2
00:00:00.848212          usbLibGetDevices: Found 1 USB devices, 0 captured
00:00:00.848288          USB: Unknown USB device detected (idVendor: 0x13d3, idProduct: 0x5165)
00:00:01.126799          HostDnsMonitor: initializing
00:00:01.146231          HostDnsMonitor: updating information
00:00:01.146260          HostDnsMonitor: old information
00:00:01.146261            no server entries
00:00:01.146263            no domain set
00:00:01.146263            no search string entries
00:00:01.146264          HostDnsMonitor: new information
00:00:01.146264            server 1: 192.168.1.254
00:00:01.146265            domain: lan
00:00:01.146266            no search string entries
00:00:01.347334          VD: VDInit finished with VINF_SUCCESS
00:00:01.351260          Loading settings file "C:\Users\asus\VirtualBox VMs\Xubuntu\Xubuntu.vbox" with version "1.19-windows"
00:00:01.353085          VirtualBox: object created
00:00:01.480005          Saving settings file "C:\Users\asus\.VirtualBox\VirtualBox.xml" with version "1.12-windows"
00:00:01.620406          Finished saving settings file "C:\Users\asus\.VirtualBox\VirtualBox.xml"
00:00:01.620761          Saving settings file "C:\Users\asus\.VirtualBox\VirtualBox.xml" with version "1.12-windows"
00:00:01.677788          Finished saving settings file "C:\Users\asus\.VirtualBox\VirtualBox.xml"
00:00:01.678130          Saving settings file "C:\Users\asus\.VirtualBox\VirtualBox.xml" with version "1.12-windows"
00:00:01.727816          Finished saving settings file "C:\Users\asus\.VirtualBox\VirtualBox.xml"
00:00:04.510316          ERROR [COM]: aRC=VBOX_E_INVALID_VM_STATE (0x80bb0002) aIID={300763af-5d6b-46e6-aa96-273eac15538a} aComponent={MachineWrap} aText={The machine is not mutable (state is Saved)}, preserve=false aResultDetail=0
00:00:22.353711 main     VirtualBox: object deletion starts
00:00:22.608014 main     ERROR [COM]: aRC=VBOX_E_OBJECT_IN_USE (0x80bb000c) aIID={ad47ad09-787b-44ab-b343-a082a3f2dfb1} aComponent={MediumWrap} aText={Medium 'C:\Users\asus\VirtualBox VMs\Xubuntu\Xubuntu.vdi' cannot be closed because it is still attached to 1 virtual machines}, preserve=false aResultDetail=0
00:00:22.752347 main     HostDnsMonitor: shutting down ...
00:00:22.752497 main     HostDnsMonitor: shut down
00:00:22.770268 Watcher  ERROR [COM]: aRC=E_ACCESSDENIED (0x80070005) aIID={7682d5eb-f00e-44f1-8ca2-99d08b1cd607} aComponent={VirtualBoxWrap} aText={The object is not ready}, preserve=false aResultDetail=0
00:00:22.770742 main     VirtualBox: object deleted
